AndroidStudioProjects/MyApplication2/app/build/intermediates/manifest_merge_blame_file/debug/manifest-merger-blame-debug-report.txt
1<?xml version="1.0" encoding="utf-8"?>
2<manifest xmlns:android="http://schemas.android.com/apk/res/android"
3    package="com.example.myapplication"
4    android:versionCode="1"
5    android:versionName="1.0" >
6
7    <uses-sdk
8        android:minSdkVersion="16"
8-->src\main\AndroidManifest.xml
9        android:targetSdkVersion="29" />
9-->src\main\AndroidManifest.xml
10
11    <uses-permission android:name="android.permission.ACCESS_WIFI_STATE" />
11-->src\main\AndroidManifest.xml:5:5-76
11-->src\main\AndroidManifest.xml:5:22-73
12    <uses-permission android:name="android.permission.REQUEST_DELETE_PACKAGES" />
12-->src\main\AndroidManifest.xml:30:5-82
12-->src\main\AndroidManifest.xml:30:22-79
13    <uses-permission android:name="android.permission.INTERNET" />
13-->src\main\AndroidManifest.xml:31:5-66
13-->src\main\AndroidManifest.xml:31:22-64
14
15    <application
15-->src\main\AndroidManifest.xml:6:5-29:19
16        android:allowBackup="true"
16-->src\main\AndroidManifest.xml:8:9-35
17        android:appComponentFactory="androidx.core.app.CoreComponentFactory"
17-->[androidx.core:core:1.0.2] AndroidManifest.xml:22:18-86
18        android:debuggable="true"
19        android:icon="@mipmap/ic_launcher"
19-->src\main\AndroidManifest.xml:9:9-43
20        android:label="@string/app_name"
20-->src\main\AndroidManifest.xml:10:9-41
21        android:roundIcon="@mipmap/ic_launcher_round"
21-->src\main\AndroidManifest.xml:11:9-54
22        android:supportsRtl="true"
22-->src\main\AndroidManifest.xml:12:9-35
23        android:testOnly="true"
24        android:theme="@style/AppTheme" >
24-->src\main\AndroidManifest.xml:13:9-40
25        <activity
25-->src\main\AndroidManifest.xml:15:9-22:20
26            android:name="com.example.myapplication.ApkListActivity"
26-->src\main\AndroidManifest.xml:16:13-69
27            android:label="@string/title_activity_apk_list" >
27-->src\main\AndroidManifest.xml:17:13-60
28            <intent-filter>
28-->src\main\AndroidManifest.xml:18:13-21:29
29                <action android:name="android.intent.action.MAIN" />
29-->src\main\AndroidManifest.xml:19:17-69
29-->src\main\AndroidManifest.xml:19:25-66
30
31                <category android:name="android.intent.category.LAUNCHER" />
31-->src\main\AndroidManifest.xml:20:17-77
31-->src\main\AndroidManifest.xml:20:27-74
32            </intent-filter>
33        </activity>
34        <activity
34-->src\main\AndroidManifest.xml:23:9-27:20
35            android:name="com.example.myapplication.ApkInfo"
35-->src\main\AndroidManifest.xml:24:13-61
36            android:label="@string/title_activity_apk_list" >
36-->src\main\AndroidManifest.xml:25:13-60
37        </activity>
38    </application>
39
40</manifest>